0 info it worked if it ends with ok
1 verbose cli [ 'C:\\Program Files\\nodejs\\node.exe',
1 verbose cli   'C:\\Users\\anthony\\AppData\\Roaming\\npm\\node_modules\\npm\\bin\\npm-cli.js',
1 verbose cli   'start' ]
2 info using npm@3.10.7
3 info using node@v8.11.3
4 verbose run-script [ 'prestart', 'start', 'poststart' ]
5 info lifecycle animals.app@1.0.0~prestart: animals.app@1.0.0
6 silly lifecycle animals.app@1.0.0~prestart: no script for prestart, continuing
7 info lifecycle animals.app@1.0.0~start: animals.app@1.0.0
8 verbose lifecycle animals.app@1.0.0~start: unsafe-perm in lifecycle true
9 verbose lifecycle animals.app@1.0.0~start: PATH: C:\Users\anthony\AppData\Roaming\npm\node_modules\npm\bin\node-gyp-bin;C:\Users\anthony\source\repos\Animals\Animals.App\node_modules\.bin;C:\ProgramData\Oracle\Java\javapath;C:\Python27\;C:\Python27\Scripts;C:\Program Files (x86)\Lenovo\FusionEngine;C:\Program Files (x86)\NVIDIA Corporation\PhysX\Common;C:\Program Files (x86)\Intel\iCLS Client\;C:\Program Files\Intel\iCLS Client\;C:\WINDOWS\system32;C:\WINDOWS;C:\WINDOWS\System32\Wbem;C:\WINDOWS\System32\WindowsPowerShell\v1.0\;C:\Program Files\Intel\Intel(R) Management Engine Components\DAL;C:\Program Files\Intel\Intel(R) Management Engine Components\IPT;C:\Program Files (x86)\Intel\Intel(R) Management Engine Components\DAL;C:\Program Files (x86)\Intel\Intel(R) Management Engine Components\IPT;C:\Program Files (x86)\QuickTime\QTSystem\;C:\Program Files (x86)\Windows Kits\8.1\Windows Performance Toolkit\;C:\ProgramData\Microsoft\Windows\Menu Démarrer\Programmes\Python2.7;C:\Program Files (x86)\Microsoft Visual Studio 11.0\Common7\IDE;C:\Program Files (x86)\Skype\Phone\;C:\Program Files\Git\cmd;C:\Program Files\dotnet\;C:\Program Files\Microsoft SQL Server\130\Tools\Binn\;C:\Program Files\nodejs\;C:\Users\anthony\AppData\Roaming\npm
10 verbose lifecycle animals.app@1.0.0~start: CWD: C:\Users\anthony\source\repos\Animals\Animals.App
11 silly lifecycle animals.app@1.0.0~start: Args: [ '/d /s /c', 'npx webpack-dev-server' ]
12 silly lifecycle animals.app@1.0.0~start: Returned: code: 3221225786  signal: null
13 info lifecycle animals.app@1.0.0~start: Failed to exec start script
14 verbose stack Error: animals.app@1.0.0 start: `npx webpack-dev-server`
14 verbose stack Exit status 3221225786
14 verbose stack     at EventEmitter.<anonymous> (C:\Users\anthony\AppData\Roaming\npm\node_modules\npm\lib\utils\lifecycle.js:255:16)
14 verbose stack     at emitTwo (events.js:126:13)
14 verbose stack     at EventEmitter.emit (events.js:214:7)
14 verbose stack     at ChildProcess.<anonymous> (C:\Users\anthony\AppData\Roaming\npm\node_modules\npm\lib\utils\spawn.js:40:14)
14 verbose stack     at emitTwo (events.js:126:13)
14 verbose stack     at ChildProcess.emit (events.js:214:7)
14 verbose stack     at maybeClose (internal/child_process.js:925:16)
14 verbose stack     at Process.ChildProcess._handle.onexit (internal/child_process.js:209:5)
15 verbose pkgid animals.app@1.0.0
16 verbose cwd C:\Users\anthony\source\repos\Animals\Animals.App
17 error Windows_NT 6.3.9600
18 error argv "C:\\Program Files\\nodejs\\node.exe" "C:\\Users\\anthony\\AppData\\Roaming\\npm\\node_modules\\npm\\bin\\npm-cli.js" "start"
19 error node v8.11.3
20 error npm  v3.10.7
21 error code ELIFECYCLE
22 error animals.app@1.0.0 start: `npx webpack-dev-server`
22 error Exit status 3221225786
23 error Failed at the animals.app@1.0.0 start script 'npx webpack-dev-server'.
23 error Make sure you have the latest version of node.js and npm installed.
23 error If you do, this is most likely a problem with the animals.app package,
23 error not with npm itself.
23 error Tell the author that this fails on your system:
23 error     npx webpack-dev-server
23 error You can get information on how to open an issue for this project with:
23 error     npm bugs animals.app
23 error Or if that isn't available, you can get their info via:
23 error     npm owner ls animals.app
23 error There is likely additional logging output above.
24 verbose exit [ 1, true ]
